Using pre-set license
Built from '2022.3/staging' branch; Version is '2022.3.15f1 (b58023a2b463) revision 11894819'; Using compiler version '192829333'; Build Type 'Release'
OS: 'Windows 11  (10.0.22621) 64bit Core' Language: 'en' Physical Memory: 16163 MB
BatchMode: 1, IsHumanControllingUs: 0, StartBugReporterOnCrash: 0, Is64bit: 1, IsPro: 1

COMMAND LINE ARGUMENTS:
C:\Program Files\Unity\Hub\Editor\2022.3.15f1\Editor\Unity.exe
-adb2
-batchMode
-noUpm
-name
AssetImportWorker0
-projectPath
C:/Users/robbe/OneDrive/Documenten/GitHub/ErasmusKaaiCrusader-IX-V2/FirstVersion
-logFile
Logs/AssetImportWorker0.log
-srvPort
51229
Successfully changed project path to: C:/Users/robbe/OneDrive/Documenten/GitHub/ErasmusKaaiCrusader-IX-V2/FirstVersion
C:/Users/robbe/OneDrive/Documenten/GitHub/ErasmusKaaiCrusader-IX-V2/FirstVersion
[UnityMemory] Configuration Parameters - Can be set up in boot.config
    "memorysetup-bucket-allocator-granularity=16"
    "memorysetup-bucket-allocator-bucket-count=8"
    "memorysetup-bucket-allocator-block-size=33554432"
    "memorysetup-bucket-allocator-block-count=8"
    "memorysetup-main-allocator-block-size=16777216"
    "memorysetup-thread-allocator-block-size=16777216"
    "memorysetup-gfx-main-allocator-block-size=16777216"
    "memorysetup-gfx-thread-allocator-block-size=16777216"
    "memorysetup-cache-allocator-block-size=4194304"
    "memorysetup-typetree-allocator-block-size=2097152"
    "memorysetup-profiler-bucket-allocator-granularity=16"
    "memorysetup-profiler-bucket-allocator-bucket-count=8"
    "memorysetup-profiler-bucket-allocator-block-size=33554432"
    "memorysetup-profiler-bucket-allocator-block-count=8"
    "memorysetup-profiler-allocator-block-size=16777216"
    "memorysetup-profiler-editor-allocator-block-size=1048576"
    "memorysetup-temp-allocator-size-main=16777216"
    "memorysetup-job-temp-allocator-block-size=2097152"
    "memorysetup-job-temp-allocator-block-size-background=1048576"
    "memorysetup-job-temp-allocator-reduction-small-platforms=262144"
    "memorysetup-allocator-temp-initial-block-size-main=262144"
    "memorysetup-allocator-temp-initial-block-size-worker=262144"
    "memorysetup-temp-allocator-size-background-worker=32768"
    "memorysetup-temp-allocator-size-job-worker=262144"
    "memorysetup-temp-allocator-size-preload-manager=33554432"
    "memorysetup-temp-allocator-size-nav-mesh-worker=65536"
    "memorysetup-temp-allocator-size-audio-worker=65536"
    "memorysetup-temp-allocator-size-cloud-worker=32768"
    "memorysetup-temp-allocator-size-gi-baking-worker=262144"
    "memorysetup-temp-allocator-size-gfx=262144"
Player connection [16916] Host "[IP] 192.168.56.1 [Port] 0 [Flags] 2 [Guid] 3904957621 [EditorId] 3904957621 [Version] 1048832 [Id] WindowsEditor(7,LAPTOP-7V3MDQV4) [Debug] 1 [PackageName] WindowsEditor [ProjectName] Editor" joined multi-casting on [225.0.0.222:54997]...

Player connection [16916] Host "[IP] 192.168.56.1 [Port] 0 [Flags] 2 [Guid] 3904957621 [EditorId] 3904957621 [Version] 1048832 [Id] WindowsEditor(7,LAPTOP-7V3MDQV4) [Debug] 1 [PackageName] WindowsEditor [ProjectName] Editor" joined alternative multi-casting on [225.0.0.222:34997]...

[Physics::Module] Initialized MultithreadedJobDispatcher with 7 workers.
Refreshing native plugins compatible for Editor in 21.58 ms, found 4 plugins.
Preloading 0 native plugins for Editor in 0.00 ms.
Initialize engine version: 2022.3.15f1 (b58023a2b463)
[Subsystems] Discovering subsystems at path C:/Program Files/Unity/Hub/Editor/2022.3.15f1/Editor/Data/Resources/UnitySubsystems
[Subsystems] Discovering subsystems at path C:/Users/robbe/OneDrive/Documenten/GitHub/ErasmusKaaiCrusader-IX-V2/FirstVersion/Assets
GfxDevice: creating device client; threaded=0; jobified=0
Direct3D:
    Version:  Direct3D 11.0 [level 11.1]
    Renderer: Intel(R) Iris(R) Xe Graphics (ID=0x9a49)
    Vendor:   Intel
    VRAM:     8081 MB
    Driver:   30.0.101.1404
Initialize mono
Mono path[0] = 'C:/Program Files/Unity/Hub/Editor/2022.3.15f1/Editor/Data/Managed'
Mono path[1] = 'C:/Program Files/Unity/Hub/Editor/2022.3.15f1/Editor/Data/MonoBleedingEdge/lib/mono/unityjit-win32'
Mono config path = 'C:/Program Files/Unity/Hub/Editor/2022.3.15f1/Editor/Data/MonoBleedingEdge/etc'
Using monoOptions --debugger-agent=transport=dt_socket,embedding=1,server=y,suspend=n,address=127.0.0.1:56280
Begin MonoManager ReloadAssembly
Registering precompiled unity dll's ...
Register platform support module: C:/Program Files/Unity/Hub/Editor/2022.3.15f1/Editor/Data/PlaybackEngines/WindowsStandaloneSupport/UnityEditor.WindowsStandalone.Extensions.dll
Registered in 0.009993 seconds.
- Loaded All Assemblies, in  0.475 seconds
Native extension for WindowsStandalone target not found
Mono: successfully reloaded assembly
- Finished resetting the current domain, in  0.366 seconds
Domain Reload Profiling: 839ms
	BeginReloadAssembly (149ms)
		ExecutionOrderSort (0ms)
		DisableScriptedObjects (0ms)
		BackupInstance (0ms)
		ReleaseScriptingObjects (0ms)
		CreateAndSetChildDomain (1ms)
	RebuildCommonClasses (51ms)
	RebuildNativeTypeToScriptingClass (18ms)
	initialDomainReloadingComplete (72ms)
	LoadAllAssembliesAndSetupDomain (184ms)
		LoadAssemblies (144ms)
		RebuildTransferFunctionScriptingTraits (0ms)
		AnalyzeDomain (181ms)
			TypeCache.Refresh (179ms)
				TypeCache.ScanAssembly (163ms)
			ScanForSourceGeneratedMonoScriptInfo (1ms)
			ResolveRequiredComponents (1ms)
	FinalizeReload (367ms)
		ReleaseScriptCaches (0ms)
		RebuildScriptCaches (0ms)
		SetupLoadedEditorAssemblies (292ms)
			LogAssemblyErrors (0ms)
			InitializePlatformSupportModulesInManaged (15ms)
			SetLoadedEditorAssemblies (10ms)
			RefreshPlugins (0ms)
			BeforeProcessingInitializeOnLoad (3ms)
			ProcessInitializeOnLoadAttributes (197ms)
			ProcessInitializeOnLoadMethodAttributes (66ms)
			AfterProcessingInitializeOnLoad (0ms)
			EditorAssembliesLoaded (0ms)
		ExecutionOrderSort2 (0ms)
		AwakeInstancesAfterBackupRestoration (0ms)
========================================================================
Worker process is ready to serve import requests
Begin MonoManager ReloadAssembly
- Loaded All Assemblies, in  0.859 seconds
Refreshing native plugins compatible for Editor in 9.03 ms, found 4 plugins.
Native extension for WindowsStandalone target not found
Package Manager log level set to [2]
[Package Manager] Server::EnsureServerProcessIsRunning -- launch failed, reason: Unity was launched with the -noUpm command-line argument
[Package Manager] UpmClient::Send -- Unable to send message (not connected to UPM process).
[Package Manager] Cannot connect to Unity Package Manager local server
Mono: successfully reloaded assembly
- Finished resetting the current domain, in  1.749 seconds
Domain Reload Profiling: 2602ms
	BeginReloadAssembly (191ms)
		ExecutionOrderSort (0ms)
		DisableScriptedObjects (7ms)
		BackupInstance (0ms)
		ReleaseScriptingObjects (0ms)
		CreateAndSetChildDomain (22ms)
	RebuildCommonClasses (47ms)
	RebuildNativeTypeToScriptingClass (15ms)
	initialDomainReloadingComplete (65ms)
	LoadAllAssembliesAndSetupDomain (534ms)
		LoadAssemblies (409ms)
		RebuildTransferFunctionScriptingTraits (0ms)
		AnalyzeDomain (239ms)
			TypeCache.Refresh (188ms)
				TypeCache.ScanAssembly (170ms)
			ScanForSourceGeneratedMonoScriptInfo (39ms)
			ResolveRequiredComponents (11ms)
	FinalizeReload (1750ms)
		ReleaseScriptCaches (0ms)
		RebuildScriptCaches (0ms)
		SetupLoadedEditorAssemblies (1564ms)
			LogAssemblyErrors (0ms)
			InitializePlatformSupportModulesInManaged (7ms)
			SetLoadedEditorAssemblies (4ms)
			RefreshPlugins (0ms)
			BeforeProcessingInitializeOnLoad (144ms)
			ProcessInitializeOnLoadAttributes (1348ms)
			ProcessInitializeOnLoadMethodAttributes (48ms)
			AfterProcessingInitializeOnLoad (13ms)
			EditorAssembliesLoaded (1ms)
		ExecutionOrderSort2 (0ms)
		AwakeInstancesAfterBackupRestoration (8ms)
Launched and connected shader compiler UnityShaderCompiler.exe after 0.10 seconds
Refreshing native plugins compatible for Editor in 9.78 ms, found 4 plugins.
Preloading 0 native plugins for Editor in 0.00 ms.
Unloading 4095 Unused Serialized files (Serialized files now loaded: 0)
Unloading 82 unused Assets / (250.9 KB). Loaded Objects now: 4539.
Memory consumption went from 182.8 MB to 182.6 MB.
Total: 4.379000 ms (FindLiveObjects: 0.260500 ms CreateObjectMapping: 0.319200 ms MarkObjects: 3.476100 ms  DeleteObjects: 0.321900 ms)

AssetImportParameters requested are different than current active one (requested -> active):
  custom:container-demuxer-ogg: 62fdf1f143b41e24485cea50d1cbac27 -> 
  custom:video-decoder-ogg-theora: a1e56fd34408186e4bbccfd4996cb3dc -> 
  custom:framework-win-MediaFoundation: 216162199b28c13a410421893ffa2e32 -> 
  custom:CustomObjectIndexerAttribute: 43b350a4d6e6d1791af0b5038c4bea17 -> 
  custom:container-demuxer-webm: 4f35f7cbe854078d1ac9338744f61a02 -> 
  custom:container-muxer-webm: aa71ff27fc2769a1b78a27578f13a17b -> 
  custom:video-decoder-webm-vp8: 9c59270c3fd7afecdb556c50c9e8de78 -> 
  custom:SearchIndexIgnoredProperties: e643bd26f0fe6173181afceb89e7c659 -> 
  custom:AudioImporter_EditorPlatform: d09bf68614088b80899f8185d706f6e7 -> 
  custom:video-encoder-webm-vp8: eb34c28f22e8b96e1ab97ce403110664 -> 
  custom:audio-decoder-ogg-vorbis: bf7c407c2cedff20999df2af8eb42d56 -> 
  custom:audio-encoder-webm-vorbis: bf7c407c2cedff20999df2af8eb42d56 -> 
========================================================================
Received Import Request.
  Time since last request: 76868.522594 seconds.
  path: Assets/Textures/Future
  artifactKey: Guid(8eeff842b52ae15468d8cdd56337599f) Importer(815301076,1909f56bfc062723c751e8b465ee728b)
Start importing Assets/Textures/Future using Guid(8eeff842b52ae15468d8cdd56337599f) Importer(815301076,1909f56bfc062723c751e8b465ee728b)  -> (artifact id: '3695ee7870e4d77bb08c5638100c92a4') in 0.006081 seconds
Number of updated asset objects reloaded before import = 0
Number of asset objects unloaded after import = 0
========================================================================
Received Import Request.
  Time since last request: 1.574753 seconds.
  path: Assets/Textures/DarkAttacks
  artifactKey: Guid(da256e9f3195f984a91e34aefb38abbe) Importer(815301076,1909f56bfc062723c751e8b465ee728b)
Start importing Assets/Textures/DarkAttacks using Guid(da256e9f3195f984a91e34aefb38abbe) Importer(815301076,1909f56bfc062723c751e8b465ee728b)  -> (artifact id: 'aea060ae2bdb1bbde55b2f1bde6a6569') in 0.001369 seconds
Number of updated asset objects reloaded before import = 0
Number of asset objects unloaded after import = 0
========================================================================
Received Import Request.
  Time since last request: 9.884025 seconds.
  path: Assets/Textures/Characters
  artifactKey: Guid(5cdd86e999c48e54dbcb5c9a757d3499) Importer(815301076,1909f56bfc062723c751e8b465ee728b)
Start importing Assets/Textures/Characters using Guid(5cdd86e999c48e54dbcb5c9a757d3499) Importer(815301076,1909f56bfc062723c751e8b465ee728b)  -> (artifact id: '5f26b2a46c6a4e85ec65946c2f4c5d9e') in 0.001106 seconds
Number of updated asset objects reloaded before import = 0
Number of asset objects unloaded after import = 0
========================================================================
Received Import Request.
  Time since last request: 3.661825 seconds.
  path: Assets/Textures/Characters/pack1
  artifactKey: Guid(ab3561bf86670ab4bb05bd77aa722d73) Importer(815301076,1909f56bfc062723c751e8b465ee728b)
Start importing Assets/Textures/Characters/pack1 using Guid(ab3561bf86670ab4bb05bd77aa722d73) Importer(815301076,1909f56bfc062723c751e8b465ee728b)  -> (artifact id: '997bcd04a0692dcc11e8998b5c9e4f0e') in 0.000774 seconds
Number of updated asset objects reloaded before import = 0
Number of asset objects unloaded after import = 0
========================================================================
Received Import Request.
  Time since last request: 70.029081 seconds.
  path: Assets/Textures/Audio
  artifactKey: Guid(a484e18ae2d96234f8d6b469aaac7af8) Importer(815301076,1909f56bfc062723c751e8b465ee728b)
Start importing Assets/Textures/Audio using Guid(a484e18ae2d96234f8d6b469aaac7af8) Importer(815301076,1909f56bfc062723c751e8b465ee728b)  -> (artifact id: '476f903f30c87eb6fb30950f97f72887') in 0.001046 seconds
Number of updated asset objects reloaded before import = 0
Number of asset objects unloaded after import = 0
========================================================================
Received Import Request.
  Time since last request: 12.431223 seconds.
  path: Assets/TestSpell.cs
  artifactKey: Guid(d4d1e53a9673ab74c9dc8a6433c5a274) Importer(815301076,1909f56bfc062723c751e8b465ee728b)
Start importing Assets/TestSpell.cs using Guid(d4d1e53a9673ab74c9dc8a6433c5a274) Importer(815301076,1909f56bfc062723c751e8b465ee728b)  -> (artifact id: '2749585db85e243246bcf6e841f16c2f') in 0.000807 seconds
Number of updated asset objects reloaded before import = 0
Number of asset objects unloaded after import = 0
========================================================================
Received Import Request.
  Time since last request: 0.904771 seconds.
  path: Assets/TestProjectile.cs
  artifactKey: Guid(2ec87c7b5749e7a448a937565453d2a9) Importer(815301076,1909f56bfc062723c751e8b465ee728b)
Start importing Assets/TestProjectile.cs using Guid(2ec87c7b5749e7a448a937565453d2a9) Importer(815301076,1909f56bfc062723c751e8b465ee728b)  -> (artifact id: '0c61aed1b949b6917e2c53f391375c91') in 0.000749 seconds
Number of updated asset objects reloaded before import = 0
Number of asset objects unloaded after import = 0
========================================================================
Received Import Request.
  Time since last request: 0.454626 seconds.
  path: Assets/PlayerMovement.cs
  artifactKey: Guid(cd608c459809fad4b9e9132ecb18240f) Importer(815301076,1909f56bfc062723c751e8b465ee728b)
Start importing Assets/PlayerMovement.cs using Guid(cd608c459809fad4b9e9132ecb18240f) Importer(815301076,1909f56bfc062723c751e8b465ee728b)  -> (artifact id: 'e021bcd58515fb99ac3feed9036387c1') in 0.000665 seconds
Number of updated asset objects reloaded before import = 0
Number of asset objects unloaded after import = 0
========================================================================
Received Import Request.
  Time since last request: 37.049345 seconds.
  path: Assets/Audio
  artifactKey: Guid(5ca063af66761db4591b9393be4ee2b2) Importer(815301076,1909f56bfc062723c751e8b465ee728b)
Start importing Assets/Audio using Guid(5ca063af66761db4591b9393be4ee2b2) Importer(815301076,1909f56bfc062723c751e8b465ee728b)  -> (artifact id: '39f61277a67a679ce763005218451b23') in 0.009616 seconds
Number of updated asset objects reloaded before import = 0
Number of asset objects unloaded after import = 0
========================================================================
Received Import Request.
  Time since last request: 131.164317 seconds.
  path: Assets/Textures/Icons/pack4/RPG Icon Pack/Icons 32x32/icon_371.png
  artifactKey: Guid(cb9869618b6f02042aa336125fe26e44) Importer(815301076,1909f56bfc062723c751e8b465ee728b)
Start importing Assets/Textures/Icons/pack4/RPG Icon Pack/Icons 32x32/icon_371.png using Guid(cb9869618b6f02042aa336125fe26e44) Importer(815301076,1909f56bfc062723c751e8b465ee728b)  -> (artifact id: 'b71ff15311c73b6100c9a0a36e2c42d5') in 0.143446 seconds
Number of updated asset objects reloaded before import = 0
Number of asset objects unloaded after import = 3
========================================================================
Received Import Request.
  Time since last request: 0.000040 seconds.
  path: Assets/Textures/Icons/pack4/RPG Icon Pack/Icons 32x32/icon_379.png
  artifactKey: Guid(3cf1f8d654544bc4b942768aabefbc84) Importer(815301076,1909f56bfc062723c751e8b465ee728b)
Start importing Assets/Textures/Icons/pack4/RPG Icon Pack/Icons 32x32/icon_379.png using Guid(3cf1f8d654544bc4b942768aabefbc84) Importer(815301076,1909f56bfc062723c751e8b465ee728b)  -> (artifact id: 'fc342857c512279fd1a329910ba1cb61') in 0.024126 seconds
Number of updated asset objects reloaded before import = 0
Number of asset objects unloaded after import = 3
========================================================================
Received Import Request.
  Time since last request: 0.000039 seconds.
  path: Assets/Textures/Icons/pack4/RPG Icon Pack/Icons 32x32/icon_375.png
  artifactKey: Guid(1ab10a94dae7b1245be2bee8f573ae7a) Importer(815301076,1909f56bfc062723c751e8b465ee728b)
Start importing Assets/Textures/Icons/pack4/RPG Icon Pack/Icons 32x32/icon_375.png using Guid(1ab10a94dae7b1245be2bee8f573ae7a) Importer(815301076,1909f56bfc062723c751e8b465ee728b)  -> (artifact id: 'ed0d6cfbf568c7e79d3eff1a1f7647c2') in 0.022946 seconds
Number of updated asset objects reloaded before import = 0
Number of asset objects unloaded after import = 3
========================================================================
Received Import Request.
  Time since last request: 0.000032 seconds.
  path: Assets/Textures/Icons/pack4/RPG Icon Pack/Icons 32x32/icon_380.png
  artifactKey: Guid(96c61f975655a414f9507fc183a883b6) Importer(815301076,1909f56bfc062723c751e8b465ee728b)
Start importing Assets/Textures/Icons/pack4/RPG Icon Pack/Icons 32x32/icon_380.png using Guid(96c61f975655a414f9507fc183a883b6) Importer(815301076,1909f56bfc062723c751e8b465ee728b)  -> (artifact id: 'ca0cf0f5539e399847dcdc827f3bed31') in 0.022994 seconds
Number of updated asset objects reloaded before import = 0
Number of asset objects unloaded after import = 3
========================================================================
Received Import Request.
  Time since last request: 0.000027 seconds.
  path: Assets/Textures/Icons/pack4/RPG Icon Pack/Icons 32x32/icon_391.png
  artifactKey: Guid(6ca5a1dadbe3ff44080a20119c866566) Importer(815301076,1909f56bfc062723c751e8b465ee728b)
Start importing Assets/Textures/Icons/pack4/RPG Icon Pack/Icons 32x32/icon_391.png using Guid(6ca5a1dadbe3ff44080a20119c866566) Importer(815301076,1909f56bfc062723c751e8b465ee728b)  -> (artifact id: '0b2712bbb076e56011163e35640454c2') in 0.024287 seconds
Number of updated asset objects reloaded before import = 0
Number of asset objects unloaded after import = 3
========================================================================
Received Import Request.
  Time since last request: 0.000032 seconds.
  path: Assets/Textures/Icons/pack4/RPG Icon Pack/Icons 32x32/icon_374.png
  artifactKey: Guid(2e09fc2201e9b5e4eb6ac40a8586505e) Importer(815301076,1909f56bfc062723c751e8b465ee728b)
Start importing Assets/Textures/Icons/pack4/RPG Icon Pack/Icons 32x32/icon_374.png using Guid(2e09fc2201e9b5e4eb6ac40a8586505e) Importer(815301076,1909f56bfc062723c751e8b465ee728b)  -> (artifact id: '358772c3f59eab45673ab952cac0dc97') in 0.023425 seconds
Number of updated asset objects reloaded before import = 0
Number of asset objects unloaded after import = 3
========================================================================
Received Import Request.
  Time since last request: 0.000023 seconds.
  path: Assets/Textures/Icons/pack4/RPG Icon Pack/Icons 32x32/icon_377.png
  artifactKey: Guid(9287d695525813941abf32b4f06e62f7) Importer(815301076,1909f56bfc062723c751e8b465ee728b)
Start importing Assets/Textures/Icons/pack4/RPG Icon Pack/Icons 32x32/icon_377.png using Guid(9287d695525813941abf32b4f06e62f7) Importer(815301076,1909f56bfc062723c751e8b465ee728b)  -> (artifact id: '18301bfb66b34142d9691955bd6320ba') in 0.025597 seconds
Number of updated asset objects reloaded before import = 0
Number of asset objects unloaded after import = 3
========================================================================
Received Import Request.
  Time since last request: 0.000031 seconds.
  path: Assets/Textures/Icons/pack4/RPG Icon Pack/Icons 32x32/icon_397.png
  artifactKey: Guid(8ffaf30fba7ae444686a072bc1eb22de) Importer(815301076,1909f56bfc062723c751e8b465ee728b)
Start importing Assets/Textures/Icons/pack4/RPG Icon Pack/Icons 32x32/icon_397.png using Guid(8ffaf30fba7ae444686a072bc1eb22de) Importer(815301076,1909f56bfc062723c751e8b465ee728b)  -> (artifact id: 'a55259f17b7344818ca90201a690716a') in 0.020767 seconds
Number of updated asset objects reloaded before import = 0
Number of asset objects unloaded after import = 3
========================================================================
Received Import Request.
  Time since last request: 0.000026 seconds.
  path: Assets/Textures/Icons/pack4/RPG Icon Pack/Icons 32x32/icon_395.png
  artifactKey: Guid(ed520787546730b48bf71b23dad48dd7) Importer(815301076,1909f56bfc062723c751e8b465ee728b)
Start importing Assets/Textures/Icons/pack4/RPG Icon Pack/Icons 32x32/icon_395.png using Guid(ed520787546730b48bf71b23dad48dd7) Importer(815301076,1909f56bfc062723c751e8b465ee728b)  -> (artifact id: '4ba771cf9e74304faed407fb77687039') in 0.023197 seconds
Number of updated asset objects reloaded before import = 0
Number of asset objects unloaded after import = 3
========================================================================
Received Import Request.
  Time since last request: 0.000033 seconds.
  path: Assets/Textures/Icons/pack4/RPG Icon Pack/Icons 32x32/icon_400.png
  artifactKey: Guid(6b0b9db4e7772f340984931e41f94c96) Importer(815301076,1909f56bfc062723c751e8b465ee728b)
Start importing Assets/Textures/Icons/pack4/RPG Icon Pack/Icons 32x32/icon_400.png using Guid(6b0b9db4e7772f340984931e41f94c96) Importer(815301076,1909f56bfc062723c751e8b465ee728b)  -> (artifact id: 'ae019271a2216785ea50f2134e31da41') in 0.026417 seconds
Number of updated asset objects reloaded before import = 0
Number of asset objects unloaded after import = 3
========================================================================
Received Import Request.
  Time since last request: 0.000034 seconds.
  path: Assets/Textures/Icons/pack4/RPG Icon Pack/Icons 32x32/icon_402.png
  artifactKey: Guid(d2252a6a38af98d4a9669efc24688cdd) Importer(815301076,1909f56bfc062723c751e8b465ee728b)
Start importing Assets/Textures/Icons/pack4/RPG Icon Pack/Icons 32x32/icon_402.png using Guid(d2252a6a38af98d4a9669efc24688cdd) Importer(815301076,1909f56bfc062723c751e8b465ee728b)  -> (artifact id: 'fbe4086e1ee0af8e232e94cd8f309671') in 0.022620 seconds
Number of updated asset objects reloaded before import = 0
Number of asset objects unloaded after import = 3
========================================================================
Received Import Request.
  Time since last request: 0.000033 seconds.
  path: Assets/Textures/Icons/pack4/RPG Icon Pack/Icons 32x32/icon_405.png
  artifactKey: Guid(465e37caa6cfcf84d98ace3448db3e73) Importer(815301076,1909f56bfc062723c751e8b465ee728b)
Start importing Assets/Textures/Icons/pack4/RPG Icon Pack/Icons 32x32/icon_405.png using Guid(465e37caa6cfcf84d98ace3448db3e73) Importer(815301076,1909f56bfc062723c751e8b465ee728b)  -> (artifact id: '87524477f475229684cf959e022991bc') in 0.022360 seconds
Number of updated asset objects reloaded before import = 0
Number of asset objects unloaded after import = 3
========================================================================
Received Import Request.
  Time since last request: 0.000044 seconds.
  path: Assets/Textures/Icons/pack4/RPG Icon Pack/Icons 32x32/icon_399.png
  artifactKey: Guid(6eba4c49c99993546b8a7b37cb56c10f) Importer(815301076,1909f56bfc062723c751e8b465ee728b)
Start importing Assets/Textures/Icons/pack4/RPG Icon Pack/Icons 32x32/icon_399.png using Guid(6eba4c49c99993546b8a7b37cb56c10f) Importer(815301076,1909f56bfc062723c751e8b465ee728b)  -> (artifact id: 'dcde415754cc5277df4b94093de329f7') in 0.023330 seconds
Number of updated asset objects reloaded before import = 0
Number of asset objects unloaded after import = 3
========================================================================
Received Import Request.
  Time since last request: 0.000031 seconds.
  path: Assets/Textures/Icons/pack4/RPG Icon Pack/Icons 32x32/icon_410.png
  artifactKey: Guid(49aa7ecae1123fc45a5c02f6e3a4873c) Importer(815301076,1909f56bfc062723c751e8b465ee728b)
Start importing Assets/Textures/Icons/pack4/RPG Icon Pack/Icons 32x32/icon_410.png using Guid(49aa7ecae1123fc45a5c02f6e3a4873c) Importer(815301076,1909f56bfc062723c751e8b465ee728b)  -> (artifact id: '8b55ecac93b2a9126de0f0aca94a9f90') in 0.023865 seconds
Number of updated asset objects reloaded before import = 0
Number of asset objects unloaded after import = 3
========================================================================
Received Import Request.
  Time since last request: 0.000029 seconds.
  path: Assets/Textures/Icons/pack4/RPG Icon Pack/Icons 32x32/icon_412.png
  artifactKey: Guid(4be2248f3740eb84684f8e33ba814fb1) Importer(815301076,1909f56bfc062723c751e8b465ee728b)
Start importing Assets/Textures/Icons/pack4/RPG Icon Pack/Icons 32x32/icon_412.png using Guid(4be2248f3740eb84684f8e33ba814fb1) Importer(815301076,1909f56bfc062723c751e8b465ee728b)  -> (artifact id: 'c79a3f7a58bf563fa5c7adc70419c397') in 0.023638 seconds
Number of updated asset objects reloaded before import = 0
Number of asset objects unloaded after import = 3
========================================================================
Received Import Request.
  Time since last request: 0.000029 seconds.
  path: Assets/Textures/Icons/pack4/RPG Icon Pack/Icons 32x32/icon_414.png
  artifactKey: Guid(021018a16f0d71843bf0ade31ce3e6a7) Importer(815301076,1909f56bfc062723c751e8b465ee728b)
Start importing Assets/Textures/Icons/pack4/RPG Icon Pack/Icons 32x32/icon_414.png using Guid(021018a16f0d71843bf0ade31ce3e6a7) Importer(815301076,1909f56bfc062723c751e8b465ee728b)  -> (artifact id: '10e08dd0c3f6cbb7092ccd10c01cbf0c') in 0.023300 seconds
Number of updated asset objects reloaded before import = 0
Number of asset objects unloaded after import = 3
========================================================================
Received Import Request.
  Time since last request: 0.000030 seconds.
  path: Assets/Textures/Icons/pack4/RPG Icon Pack/Icons 32x32/icon_417.png
  artifactKey: Guid(4a23e6871119dde48a330e34f834399a) Importer(815301076,1909f56bfc062723c751e8b465ee728b)
Start importing Assets/Textures/Icons/pack4/RPG Icon Pack/Icons 32x32/icon_417.png using Guid(4a23e6871119dde48a330e34f834399a) Importer(815301076,1909f56bfc062723c751e8b465ee728b)  -> (artifact id: 'fc85e5229f584a9d74226bfed9309bb7') in 0.021009 seconds
Number of updated asset objects reloaded before import = 0
Number of asset objects unloaded after import = 3
========================================================================
Received Import Request.
  Time since last request: 0.000023 seconds.
  path: Assets/Textures/Icons/pack4/RPG Icon Pack/Icons 32x32/icon_413.png
  artifactKey: Guid(85861c04826904747a8128d2e169cf4b) Importer(815301076,1909f56bfc062723c751e8b465ee728b)
Start importing Assets/Textures/Icons/pack4/RPG Icon Pack/Icons 32x32/icon_413.png using Guid(85861c04826904747a8128d2e169cf4b) Importer(815301076,1909f56bfc062723c751e8b465ee728b)  -> (artifact id: '9191e0e2bbdf6244f7646ecf3dd6c38f') in 0.021318 seconds
Number of updated asset objects reloaded before import = 0
Number of asset objects unloaded after import = 3
========================================================================
Received Import Request.
  Time since last request: 0.000024 seconds.
  path: Assets/Textures/Icons/pack4/RPG Icon Pack/Icons 32x32/icon_420.png
  artifactKey: Guid(1c5bba3433a54c448bb91e810e51b7d1) Importer(815301076,1909f56bfc062723c751e8b465ee728b)
Start importing Assets/Textures/Icons/pack4/RPG Icon Pack/Icons 32x32/icon_420.png using Guid(1c5bba3433a54c448bb91e810e51b7d1) Importer(815301076,1909f56bfc062723c751e8b465ee728b)  -> (artifact id: '13af3fb9485a1f26ff725d89e8947da4') in 0.022517 seconds
Number of updated asset objects reloaded before import = 0
Number of asset objects unloaded after import = 3
========================================================================
Received Import Request.
  Time since last request: 0.000033 seconds.
  path: Assets/Textures/Icons/pack4/RPG Icon Pack/Icons 32x32/icon_423.png
  artifactKey: Guid(3f812914e2b1a1646aa9f57ccfa8279d) Importer(815301076,1909f56bfc062723c751e8b465ee728b)
Start importing Assets/Textures/Icons/pack4/RPG Icon Pack/Icons 32x32/icon_423.png using Guid(3f812914e2b1a1646aa9f57ccfa8279d) Importer(815301076,1909f56bfc062723c751e8b465ee728b)  -> (artifact id: 'c5061f7510e011991ba10956c3811293') in 0.023617 seconds
Number of updated asset objects reloaded before import = 0
Number of asset objects unloaded after import = 3
========================================================================
Received Import Request.
  Time since last request: 0.000029 seconds.
  path: Assets/Textures/Icons/pack4/RPG Icon Pack/Icons 32x32/icon_424.png
  artifactKey: Guid(313a3c72aadadf343bb313f0784001d2) Importer(815301076,1909f56bfc062723c751e8b465ee728b)
Start importing Assets/Textures/Icons/pack4/RPG Icon Pack/Icons 32x32/icon_424.png using Guid(313a3c72aadadf343bb313f0784001d2) Importer(815301076,1909f56bfc062723c751e8b465ee728b)  -> (artifact id: '72d9eb67b3caa41af732845d70ccb925') in 0.024065 seconds
Number of updated asset objects reloaded before import = 0
Number of asset objects unloaded after import = 3
========================================================================
Received Import Request.
  Time since last request: 0.000026 seconds.
  path: Assets/Textures/Icons/pack4/RPG Icon Pack/Icons 32x32/icon_426.png
  artifactKey: Guid(301e8421da957ea47aaa09257c00b22f) Importer(815301076,1909f56bfc062723c751e8b465ee728b)
Start importing Assets/Textures/Icons/pack4/RPG Icon Pack/Icons 32x32/icon_426.png using Guid(301e8421da957ea47aaa09257c00b22f) Importer(815301076,1909f56bfc062723c751e8b465ee728b)  -> (artifact id: '02f41d9a5add6987d131d156e7ab482c') in 0.021798 seconds
Number of updated asset objects reloaded before import = 0
Number of asset objects unloaded after import = 3
========================================================================
Received Import Request.
  Time since last request: 0.000044 seconds.
  path: Assets/Textures/Icons/pack4/RPG Icon Pack/Icons 32x32/icon_429.png
  artifactKey: Guid(03f64344bfa4b6147be862e12795b434) Importer(815301076,1909f56bfc062723c751e8b465ee728b)
Start importing Assets/Textures/Icons/pack4/RPG Icon Pack/Icons 32x32/icon_429.png using Guid(03f64344bfa4b6147be862e12795b434) Importer(815301076,1909f56bfc062723c751e8b465ee728b)  -> (artifact id: 'd4056a846d4db739483cefaf7dc523e5') in 0.023124 seconds
Number of updated asset objects reloaded before import = 0
Number of asset objects unloaded after import = 3
========================================================================
Received Import Request.
  Time since last request: 0.000023 seconds.
  path: Assets/Textures/Icons/pack4/RPG Icon Pack/Icons 32x32/icon_428.png
  artifactKey: Guid(3c4ef9fd7bf72e44bb6181b3c66c26fc) Importer(815301076,1909f56bfc062723c751e8b465ee728b)
Start importing Assets/Textures/Icons/pack4/RPG Icon Pack/Icons 32x32/icon_428.png using Guid(3c4ef9fd7bf72e44bb6181b3c66c26fc) Importer(815301076,1909f56bfc062723c751e8b465ee728b)  -> (artifact id: '2446ee54b88168fdaeba6904357d267f') in 0.028135 seconds
Number of updated asset objects reloaded before import = 0
Number of asset objects unloaded after import = 3
========================================================================
Received Import Request.
  Time since last request: 0.000040 seconds.
  path: Assets/Textures/Icons/pack4/RPG Icon Pack/Icons 32x32/icon_385.png
  artifactKey: Guid(6e61cc2baf734a84eb32a7497f5ffb8e) Importer(815301076,1909f56bfc062723c751e8b465ee728b)
Start importing Assets/Textures/Icons/pack4/RPG Icon Pack/Icons 32x32/icon_385.png using Guid(6e61cc2baf734a84eb32a7497f5ffb8e) Importer(815301076,1909f56bfc062723c751e8b465ee728b)  -> (artifact id: '1b10edb5806a9a0a1860cde40dbd3485') in 0.025439 seconds
Number of updated asset objects reloaded before import = 0
Number of asset objects unloaded after import = 3
========================================================================
Received Import Request.
  Time since last request: 0.000030 seconds.
  path: Assets/Textures/Icons/pack4/RPG Icon Pack/Icons 32x32/icon_422.png
  artifactKey: Guid(dbc12feb718df6e479beaf09f0a60892) Importer(815301076,1909f56bfc062723c751e8b465ee728b)
Start importing Assets/Textures/Icons/pack4/RPG Icon Pack/Icons 32x32/icon_422.png using Guid(dbc12feb718df6e479beaf09f0a60892) Importer(815301076,1909f56bfc062723c751e8b465ee728b)  -> (artifact id: 'e1932ad0e0c68d2c745fde769022b0c8') in 0.026003 seconds
Number of updated asset objects reloaded before import = 0
Number of asset objects unloaded after import = 3
========================================================================
Received Import Request.
  Time since last request: 0.000041 seconds.
  path: Assets/Textures/Icons/pack4/RPG Icon Pack/Icons 32x32/icon_390.png
  artifactKey: Guid(46e559eb96ea4d14fb8291ed3fdc1cac) Importer(815301076,1909f56bfc062723c751e8b465ee728b)
Start importing Assets/Textures/Icons/pack4/RPG Icon Pack/Icons 32x32/icon_390.png using Guid(46e559eb96ea4d14fb8291ed3fdc1cac) Importer(815301076,1909f56bfc062723c751e8b465ee728b)  -> (artifact id: 'd31e19beb3ac2b6a1c2e2d5d50e8e077') in 0.027700 seconds
Number of updated asset objects reloaded before import = 0
Number of asset objects unloaded after import = 3
========================================================================
Received Import Request.
  Time since last request: 0.000032 seconds.
  path: Assets/Textures/Icons/pack4/RPG Icon Pack/Icons 32x32/icon_401.png
  artifactKey: Guid(19acb003763cb7f4f8f1e1815671ebbd) Importer(815301076,1909f56bfc062723c751e8b465ee728b)
Start importing Assets/Textures/Icons/pack4/RPG Icon Pack/Icons 32x32/icon_401.png using Guid(19acb003763cb7f4f8f1e1815671ebbd) Importer(815301076,1909f56bfc062723c751e8b465ee728b)  -> (artifact id: 'd64a95159d5694245252729cad950735') in 0.023257 seconds
Number of updated asset objects reloaded before import = 0
Number of asset objects unloaded after import = 3
========================================================================
Received Import Request.
  Time since last request: 0.000033 seconds.
  path: Assets/Textures/Icons/pack4/RPG Icon Pack/Icons 32x32/icon_388.png
  artifactKey: Guid(425ffc51f662b8c46a509ff8a1a533c4) Importer(815301076,1909f56bfc062723c751e8b465ee728b)
Start importing Assets/Textures/Icons/pack4/RPG Icon Pack/Icons 32x32/icon_388.png using Guid(425ffc51f662b8c46a509ff8a1a533c4) Importer(815301076,1909f56bfc062723c751e8b465ee728b)  -> (artifact id: '3cfcc5fde3bfafdf814d54f36e05cf32') in 0.029985 seconds
Number of updated asset objects reloaded before import = 0
Number of asset objects unloaded after import = 3
========================================================================
Received Import Request.
  Time since last request: 0.000030 seconds.
  path: Assets/Textures/Icons/pack4/RPG Icon Pack/Icons 32x32/icon_418.png
  artifactKey: Guid(1712728ec7cb0a546a56f5b2c7b451a9) Importer(815301076,1909f56bfc062723c751e8b465ee728b)
Start importing Assets/Textures/Icons/pack4/RPG Icon Pack/Icons 32x32/icon_418.png using Guid(1712728ec7cb0a546a56f5b2c7b451a9) Importer(815301076,1909f56bfc062723c751e8b465ee728b)  -> (artifact id: '569c93bf11784b0824ec5eb2e577e062') in 0.029788 seconds
Number of updated asset objects reloaded before import = 0
Number of asset objects unloaded after import = 3
========================================================================
Received Import Request.
  Time since last request: 0.000045 seconds.
  path: Assets/Textures/Icons/pack4/RPG Icon Pack/Icons 32x32/icon_393.png
  artifactKey: Guid(59f6163cb65b2b44ab7cf370197d46b8) Importer(815301076,1909f56bfc062723c751e8b465ee728b)
Start importing Assets/Textures/Icons/pack4/RPG Icon Pack/Icons 32x32/icon_393.png using Guid(59f6163cb65b2b44ab7cf370197d46b8) Importer(815301076,1909f56bfc062723c751e8b465ee728b)  -> (artifact id: '2136b3ef6e099c405b4f7bef428ad643') in 0.038007 seconds
Number of updated asset objects reloaded before import = 0
Number of asset objects unloaded after import = 3
========================================================================
Received Import Request.
  Time since last request: 1.781354 seconds.
  path: Assets/Textures/Icons/pack4/RPG Icon Pack/Icons 32x32/icon_370.png
  artifactKey: Guid(3f0c3e83261c7d64497f7355aae8c594) Importer(815301076,1909f56bfc062723c751e8b465ee728b)
Start importing Assets/Textures/Icons/pack4/RPG Icon Pack/Icons 32x32/icon_370.png using Guid(3f0c3e83261c7d64497f7355aae8c594) Importer(815301076,1909f56bfc062723c751e8b465ee728b)  -> (artifact id: '0a0ad6725fea0b10a877f20f06943d6a') in 0.031719 seconds
Number of updated asset objects reloaded before import = 0
Number of asset objects unloaded after import = 3
========================================================================
Received Import Request.
  Time since last request: 49.706772 seconds.
  path: Assets/Textures/Icons/pack1
  artifactKey: Guid(75a5738f4d876994e8a4e05cd5a3278c) Importer(815301076,1909f56bfc062723c751e8b465ee728b)
Start importing Assets/Textures/Icons/pack1 using Guid(75a5738f4d876994e8a4e05cd5a3278c) Importer(815301076,1909f56bfc062723c751e8b465ee728b)  -> (artifact id: 'e7da40514dc13c430bc071ff23f22fb5') in 0.001693 seconds
Number of updated asset objects reloaded before import = 0
Number of asset objects unloaded after import = 0
========================================================================
Received Import Request.
  Time since last request: 26.706359 seconds.
  path: Assets/Textures/Background
  artifactKey: Guid(7d0fbf73fcf84ee4fbe2962f9e564ede) Importer(815301076,1909f56bfc062723c751e8b465ee728b)
Start importing Assets/Textures/Background using Guid(7d0fbf73fcf84ee4fbe2962f9e564ede) Importer(815301076,1909f56bfc062723c751e8b465ee728b)  -> (artifact id: '7e48e7e057aafae12ed92ec8a6778b88') in 0.000628 seconds
Number of updated asset objects reloaded before import = 0
Number of asset objects unloaded after import = 0
========================================================================
Received Import Request.
  Time since last request: 8.225263 seconds.
  path: Assets/Textures/Maps
  artifactKey: Guid(8f0c4d5cf5b75a74cb51089d37bc9939) Importer(815301076,1909f56bfc062723c751e8b465ee728b)
Start importing Assets/Textures/Maps using Guid(8f0c4d5cf5b75a74cb51089d37bc9939) Importer(815301076,1909f56bfc062723c751e8b465ee728b)  -> (artifact id: 'bb7e229b157bcb37f950de69981d71f0') in 0.000968 seconds
Number of updated asset objects reloaded before import = 0
Number of asset objects unloaded after import = 0
========================================================================
Received Prepare
Begin MonoManager ReloadAssembly
- Loaded All Assemblies, in  0.625 seconds
Refreshing native plugins compatible for Editor in 8.46 ms, found 4 plugins.
Native extension for WindowsStandalone target not found
[Package Manager] Server::EnsureServerProcessIsRunning -- launch failed, reason: Unity was launched with the -noUpm command-line argument
[Package Manager] UpmClient::Send -- Unable to send message (not connected to UPM process).
[Package Manager] Cannot connect to Unity Package Manager local server
Mono: successfully reloaded assembly
- Finished resetting the current domain, in  1.881 seconds
Domain Reload Profiling: 2499ms
	BeginReloadAssembly (219ms)
		ExecutionOrderSort (0ms)
		DisableScriptedObjects (12ms)
		BackupInstance (0ms)
		ReleaseScriptingObjects (0ms)
		CreateAndSetChildDomain (51ms)
	RebuildCommonClasses (41ms)
	RebuildNativeTypeToScriptingClass (20ms)
	initialDomainReloadingComplete (49ms)
	LoadAllAssembliesAndSetupDomain (288ms)
		LoadAssemblies (391ms)
		RebuildTransferFunctionScriptingTraits (0ms)
		AnalyzeDomain (15ms)
			TypeCache.Refresh (6ms)
				TypeCache.ScanAssembly (0ms)
			ScanForSourceGeneratedMonoScriptInfo (0ms)
			ResolveRequiredComponents (7ms)
	FinalizeReload (1882ms)
		ReleaseScriptCaches (0ms)
		RebuildScriptCaches (0ms)
		SetupLoadedEditorAssemblies (939ms)
			LogAssemblyErrors (0ms)
			InitializePlatformSupportModulesInManaged (9ms)
			SetLoadedEditorAssemblies (5ms)
			RefreshPlugins (0ms)
			BeforeProcessingInitializeOnLoad (88ms)
			ProcessInitializeOnLoadAttributes (746ms)
			ProcessInitializeOnLoadMethodAttributes (73ms)
			AfterProcessingInitializeOnLoad (17ms)
			EditorAssembliesLoaded (0ms)
		ExecutionOrderSort2 (0ms)
		AwakeInstancesAfterBackupRestoration (32ms)
Refreshing native plugins compatible for Editor in 15.56 ms, found 4 plugins.
Preloading 0 native plugins for Editor in 0.00 ms.
Unloading 4064 Unused Serialized files (Serialized files now loaded: 0)
Unloading 42 unused Assets / (217.1 KB). Loaded Objects now: 4551.
Memory consumption went from 151.0 MB to 150.8 MB.
Total: 7.509000 ms (FindLiveObjects: 0.469200 ms CreateObjectMapping: 0.586600 ms MarkObjects: 6.021000 ms  DeleteObjects: 0.430100 ms)

Prepare: number of updated asset objects reloaded= 0
AssetImportParameters requested are different than current active one (requested -> active):
  custom:container-demuxer-ogg: 62fdf1f143b41e24485cea50d1cbac27 -> 
  custom:video-decoder-ogg-theora: a1e56fd34408186e4bbccfd4996cb3dc -> 
  custom:framework-win-MediaFoundation: 216162199b28c13a410421893ffa2e32 -> 
  custom:CustomObjectIndexerAttribute: 43b350a4d6e6d1791af0b5038c4bea17 -> 
  custom:container-demuxer-webm: 4f35f7cbe854078d1ac9338744f61a02 -> 
  custom:container-muxer-webm: aa71ff27fc2769a1b78a27578f13a17b -> 
  custom:video-decoder-webm-vp8: 9c59270c3fd7afecdb556c50c9e8de78 -> 
  custom:SearchIndexIgnoredProperties: e643bd26f0fe6173181afceb89e7c659 -> 
  custom:AudioImporter_EditorPlatform: d09bf68614088b80899f8185d706f6e7 -> 
  custom:video-encoder-webm-vp8: eb34c28f22e8b96e1ab97ce403110664 -> 
  custom:audio-decoder-ogg-vorbis: bf7c407c2cedff20999df2af8eb42d56 -> 
  custom:audio-encoder-webm-vorbis: bf7c407c2cedff20999df2af8eb42d56 -> 
